2019-02-10 19:11:45.857 INFO  (main) [   ] o.e.j.u.log Logging initialized @1564ms to org.eclipse.jetty.util.log.Slf4jLog
2019-02-10 19:11:46.194 INFO  (main) [   ] o.e.j.s.Server jetty-9.4.11.v20180605; built: 2018-06-05T18:24:03.829Z; git: d5fc0523cfa96bfebfbda19606cad384d772f04c; jvm 1.8.0_60-b27
2019-02-10 19:11:46.248 INFO  (main) [   ] o.e.j.d.p.ScanningAppProvider Deployment monitor [file:///Users/Hadi/Desktop/nlp_ir/solr-7.6.0/server/contexts/] at interval 0
2019-02-10 19:11:46.866 INFO  (main) [   ] o.e.j.w.StandardDescriptorProcessor NO JSP Support for /solr, did not find org.apache.jasper.servlet.JspServlet
2019-02-10 19:11:46.880 INFO  (main) [   ] o.e.j.s.session DefaultSessionIdManager workerName=node0
2019-02-10 19:11:46.880 INFO  (main) [   ] o.e.j.s.session No SessionScavenger set, using defaults
2019-02-10 19:11:46.884 INFO  (main) [   ] o.e.j.s.session node0 Scavenging every 600000ms
2019-02-10 19:11:47.023 INFO  (main) [   ] o.a.s.u.c.SSLCredentialProviderFactory Processing SSL Credential Provider chain: env;sysprop
2019-02-10 19:11:47.099 INFO  (main) [   ] o.a.s.s.SolrDispatchFilter Using logger factory org.apache.logging.slf4j.Log4jLoggerFactory
2019-02-10 19:11:47.110 INFO  (main) [   ] o.a.s.s.SolrDispatchFilter  ___      _       Welcome to Apache Solr™ version 7.6.0
2019-02-10 19:11:47.110 INFO  (main) [   ] o.a.s.s.SolrDispatchFilter / __| ___| |_ _   Starting in standalone mode on port 8983
2019-02-10 19:11:47.110 INFO  (main) [   ] o.a.s.s.SolrDispatchFilter \__ \/ _ \ | '_|  Install dir: /Users/Hadi/Desktop/nlp_ir/solr-7.6.0
2019-02-10 19:11:47.112 INFO  (main) [   ] o.a.s.s.SolrDispatchFilter |___/\___/_|_|    Start time: 2019-02-10T19:11:47.112Z
2019-02-10 19:11:47.170 INFO  (main) [   ] o.a.s.c.SolrResourceLoader Using system property solr.solr.home: /Users/Hadi/Desktop/nlp_ir/solr-7.6.0/server/solr
2019-02-10 19:11:47.186 INFO  (main) [   ] o.a.s.c.SolrXmlConfig Loading container configuration from /Users/Hadi/Desktop/nlp_ir/solr-7.6.0/server/solr/solr.xml
2019-02-10 19:11:47.389 INFO  (main) [   ] o.a.s.c.SolrXmlConfig MBean server found: com.sun.jmx.mbeanserver.JmxMBeanServer@473b46c3, but no JMX reporters were configured - adding default JMX reporter.
2019-02-10 19:11:50.413 INFO  (main) [   ] o.a.s.c.TransientSolrCoreCacheDefault Allocating transient cache for 2147483647 transient cores
2019-02-10 19:11:50.420 INFO  (main) [   ] o.a.s.h.a.MetricsHistoryHandler No .system collection, keeping metrics history in memory.
2019-02-10 19:11:50.572 INFO  (main) [   ] o.a.s.m.r.SolrJmxReporter JMX monitoring for 'solr.node' (registry 'solr.node') enabled at server: com.sun.jmx.mbeanserver.JmxMBeanServer@473b46c3
2019-02-10 19:11:50.573 INFO  (main) [   ] o.a.s.m.r.SolrJmxReporter JMX monitoring for 'solr.jvm' (registry 'solr.jvm') enabled at server: com.sun.jmx.mbeanserver.JmxMBeanServer@473b46c3
2019-02-10 19:11:50.591 INFO  (main) [   ] o.a.s.m.r.SolrJmxReporter JMX monitoring for 'solr.jetty' (registry 'solr.jetty') enabled at server: com.sun.jmx.mbeanserver.JmxMBeanServer@473b46c3
2019-02-10 19:11:50.672 INFO  (main) [   ] o.a.s.c.CorePropertiesLocator Found 1 core definitions underneath /Users/Hadi/Desktop/nlp_ir/solr-7.6.0/server/solr
2019-02-10 19:11:50.673 INFO  (main) [   ] o.a.s.c.CorePropertiesLocator Cores are: [my_core]
2019-02-10 19:11:50.787 INFO  (coreLoadExecutor-9-thread-1) [   x:my_core] o.a.s.c.SolrResourceLoader [my_core] Added 58 libs to classloader, from paths: [/Users/Hadi/Desktop/nlp_ir/solr-7.6.0/contrib/clustering/lib, /Users/Hadi/Desktop/nlp_ir/solr-7.6.0/contrib/extraction/lib, /Users/Hadi/Desktop/nlp_ir/solr-7.6.0/contrib/langid/lib, /Users/Hadi/Desktop/nlp_ir/solr-7.6.0/contrib/velocity/lib, /Users/Hadi/Desktop/nlp_ir/solr-7.6.0/dist]
2019-02-10 19:11:50.906 INFO  (main) [   ] o.e.j.s.h.ContextHandler Started o.e.j.w.WebAppContext@4c309d4d{/solr,file:///Users/Hadi/Desktop/nlp_ir/solr-7.6.0/server/solr-webapp/webapp/,AVAILABLE}{/Users/Hadi/Desktop/nlp_ir/solr-7.6.0/server/solr-webapp/webapp}
2019-02-10 19:11:50.952 INFO  (main) [   ] o.e.j.s.AbstractConnector Started ServerConnector@469c3a5b{HTTP/1.1,[http/1.1]}{0.0.0.0:8983}
2019-02-10 19:11:50.953 INFO  (main) [   ] o.e.j.s.Server Started @6662ms
2019-02-10 19:11:51.311 INFO  (coreLoadExecutor-9-thread-1) [   x:my_core] o.a.s.c.SolrConfig Using Lucene MatchVersion: 7.6.0
2019-02-10 19:11:51.629 INFO  (coreLoadExecutor-9-thread-1) [   x:my_core] o.a.s.s.IndexSchema [my_core] Schema name=default-config
2019-02-10 19:11:52.745 INFO  (coreLoadExecutor-9-thread-1) [   x:my_core] o.a.s.s.IndexSchema Loaded schema default-config/1.6 with uniqueid field id
2019-02-10 19:11:52.829 INFO  (coreLoadExecutor-9-thread-1) [   x:my_core] o.a.s.c.CoreContainer Creating SolrCore 'my_core' using configuration from instancedir /Users/Hadi/Desktop/nlp_ir/solr-7.6.0/server/solr/my_core, trusted=true
2019-02-10 19:11:52.936 INFO  (coreLoadExecutor-9-thread-1) [   x:my_core] o.a.s.m.r.SolrJmxReporter JMX monitoring for 'solr.core.my_core' (registry 'solr.core.my_core') enabled at server: com.sun.jmx.mbeanserver.JmxMBeanServer@473b46c3
2019-02-10 19:11:52.988 INFO  (coreLoadExecutor-9-thread-1) [   x:my_core] o.a.s.c.SolrCore [[my_core] ] Opening new SolrCore at [/Users/Hadi/Desktop/nlp_ir/solr-7.6.0/server/solr/my_core], dataDir=[/Users/Hadi/Desktop/nlp_ir/solr-7.6.0/server/solr/my_core/data/]
2019-02-10 19:11:53.068 INFO  (coreLoadExecutor-9-thread-1) [   x:my_core] o.a.s.r.XSLTResponseWriter xsltCacheLifetimeSeconds=5
2019-02-10 19:11:54.125 INFO  (coreLoadExecutor-9-thread-1) [   x:my_core] o.a.s.u.UpdateHandler Using UpdateLog implementation: org.apache.solr.update.UpdateLog
2019-02-10 19:11:54.125 INFO  (coreLoadExecutor-9-thread-1) [   x:my_core] o.a.s.u.UpdateLog Initializing UpdateLog: dataDir= defaultSyncLevel=FLUSH numRecordsToKeep=100 maxNumLogsToKeep=10 numVersionBuckets=65536
2019-02-10 19:11:54.184 INFO  (coreLoadExecutor-9-thread-1) [   x:my_core] o.a.s.u.CommitTracker Hard AutoCommit: if uncommitted for 15000ms; 
2019-02-10 19:11:54.184 INFO  (coreLoadExecutor-9-thread-1) [   x:my_core] o.a.s.u.CommitTracker Soft AutoCommit: disabled
2019-02-10 19:11:54.426 INFO  (coreLoadExecutor-9-thread-1) [   x:my_core] o.a.s.s.SolrIndexSearcher Opening [Searcher@2abcc5b4[my_core] main]
2019-02-10 19:11:54.446 INFO  (coreLoadExecutor-9-thread-1) [   x:my_core] o.a.s.r.ManagedResourceStorage File-based storage initialized to use dir: /Users/Hadi/Desktop/nlp_ir/solr-7.6.0/server/solr/my_core/conf
2019-02-10 19:11:54.489 INFO  (coreLoadExecutor-9-thread-1) [   x:my_core] o.a.s.h.c.SpellCheckComponent Initializing spell checkers
2019-02-10 19:11:54.501 INFO  (coreLoadExecutor-9-thread-1) [   x:my_core] o.a.s.s.DirectSolrSpellChecker init: {name=default,field=_text_,classname=solr.DirectSolrSpellChecker,distanceMeasure=internal,accuracy=0.5,maxEdits=2,minPrefix=1,maxInspections=5,minQueryLength=4,maxQueryFrequency=0.01}
2019-02-10 19:11:54.518 INFO  (coreLoadExecutor-9-thread-1) [   x:my_core] o.a.s.h.ReplicationHandler Commits will be reserved for 10000ms.
2019-02-10 19:11:54.520 INFO  (searcherExecutor-10-thread-1-processing-x:my_core) [   x:my_core] o.a.s.c.QuerySenderListener QuerySenderListener sending requests to Searcher@2abcc5b4[my_core] main{ExitableDirectoryReader(UninvertingDirectoryReader(Uninverting(_6(7.6.0):C3051)))}
2019-02-10 19:11:54.520 INFO  (searcherExecutor-10-thread-1-processing-x:my_core) [   x:my_core] o.a.s.c.QuerySenderListener QuerySenderListener done.
2019-02-10 19:11:54.520 INFO  (searcherExecutor-10-thread-1-processing-x:my_core) [   x:my_core] o.a.s.h.c.SpellCheckComponent Loading spell index for spellchecker: default
2019-02-10 19:11:54.534 INFO  (searcherExecutor-10-thread-1-processing-x:my_core) [   x:my_core] o.a.s.c.SolrCore [my_core] Registered new searcher Searcher@2abcc5b4[my_core] main{ExitableDirectoryReader(UninvertingDirectoryReader(Uninverting(_6(7.6.0):C3051)))}
2019-02-10 19:14:19.814 INFO  (qtp690521419-18) [   ] o.a.s.s.HttpSolrCall [admin] webapp=null path=/admin/cores params={indexInfo=false&wt=json&_=1549826059466} status=0 QTime=16
2019-02-10 19:14:19.898 INFO  (qtp690521419-13) [   ] o.a.s.s.HttpSolrCall [admin] webapp=null path=/admin/info/system params={wt=json&_=1549826059467} status=0 QTime=85
2019-02-10 19:14:23.078 INFO  (qtp690521419-17) [   ] o.a.s.s.HttpSolrCall [admin] webapp=null path=/admin/cores params={indexInfo=false&wt=json&_=1549826059466} status=0 QTime=0
2019-02-10 19:14:23.120 INFO  (qtp690521419-19) [   x:my_core] o.a.s.c.S.Request [my_core]  webapp=/solr path=/admin/ping params={action=status&wt=json&_=1549826059467&ts=1549826059467} status=503 QTime=20
2019-02-10 19:14:23.130 INFO  (qtp690521419-18) [   x:my_core] o.a.s.c.S.Request [my_core]  webapp=/solr path=/admin/luke params={numTerms=0&show=index&wt=json&_=1549826063049} status=0 QTime=39
2019-02-10 19:14:23.129 INFO  (qtp690521419-20) [   x:my_core] o.a.s.c.S.Request [my_core]  webapp=/solr path=/replication params={wt=json&command=details&_=1549826063050} status=0 QTime=39
2019-02-10 19:14:23.163 INFO  (qtp690521419-16) [   x:my_core] o.a.s.c.S.Request [my_core]  webapp=/solr path=/admin/system params={wt=json&_=1549826063050} status=0 QTime=67
2019-02-10 19:14:23.163 INFO  (qtp690521419-21) [   ] o.a.s.s.HttpSolrCall [admin] webapp=null path=/admin/info/system params={wt=json&_=1549826059467} status=0 QTime=80
2019-02-10 19:14:25.489 INFO  (qtp690521419-22) [   ] o.a.s.s.HttpSolrCall [admin] webapp=null path=/admin/cores params={indexInfo=false&wt=json&_=1549826059466} status=0 QTime=0
2019-02-10 19:14:25.515 INFO  (qtp690521419-17) [   ] o.a.s.s.HttpSolrCall [admin] webapp=null path=/admin/info/system params={wt=json&_=1549826059467} status=0 QTime=25
2019-02-10 19:14:31.184 INFO  (qtp690521419-18) [   x:my_core] o.a.s.c.S.Request [my_core]  webapp=/solr path=/select params={q=Tom+Hanks&_=1549826065398} hits=481 status=0 QTime=185
